2023-04-02 21:52:01.302748 - Initialized conversion of CBT1035
2023-04-02 21:52:01.541465 - Received SBGOLOB.CBT505.FILE1035 from FILE1035.XMI 
2023-04-02 21:52:01.544157 - Found $$$#DATE.txt (text/plain) in SBGOLOB.CBT505.FILE1035, moved to FILE1035/$$$#DATE
2023-04-02 21:52:01.545271 - Found $EXPLAIN.txt (text/plain) in SBGOLOB.CBT505.FILE1035, moved to FILE1035/$EXPLAIN
2023-04-02 21:52:01.547601 - De-xmi-ed $PDFDOC to CBT1035/docs/$PDFDOC.pdf
2023-04-02 21:52:01.548744 - Found $README.rexx (text/plain) in SBGOLOB.CBT505.FILE1035, moved to FILE1035/$README
2023-04-02 21:52:01.549669 - Found @FIL1035.txt (text/plain) in SBGOLOB.CBT505.FILE1035, moved to FILE1035/@FIL1035
2023-04-02 21:52:01.549679 - Found CEXEC.x-mp4a-latm containing audio/x-mp4a-latm, moved to FILE1035/CEXEC
2023-04-02 21:52:01.550593 - Found EXEC.x-mp4a-latm containing audio/x-mp4a-latm, moved to FILE1035/EXEC
2023-04-02 21:52:01.552688 - Found GETFILES.rexx (text/plain) in SBGOLOB.CBT505.FILE1035, moved to FILE1035/GETFILES
2023-04-02 21:52:01.553666 - Found ISEQ.rexx (text/plain) in SBGOLOB.CBT505.FILE1035, moved to FILE1035/ISEQ
2023-04-02 21:52:01.554618 - Found ISONEOF.rexx (text/plain) in SBGOLOB.CBT505.FILE1035, moved to FILE1035/ISONEOF
2023-04-02 21:52:01.555579 - Found JOIN.rexx (text/plain) in SBGOLOB.CBT505.FILE1035, moved to FILE1035/JOIN
2023-04-02 21:52:01.556624 - Found LINEMODE.rexx (text/plain) in SBGOLOB.CBT505.FILE1035, moved to FILE1035/LINEMODE
2023-04-02 21:52:01.557651 - Found LITERAL.rexx (text/plain) in SBGOLOB.CBT505.FILE1035, moved to FILE1035/LITERAL
2023-04-02 21:52:01.558584 - Found MSGPREFX.rexx (text/plain) in SBGOLOB.CBT505.FILE1035, moved to FILE1035/MSGPREFX
2023-04-02 21:52:01.559637 - Found PICKIF.rexx (text/plain) in SBGOLOB.CBT505.FILE1035, moved to FILE1035/PICKIF
2023-04-02 21:52:01.560592 - Found PIPCMD.rexx (text/plain) in SBGOLOB.CBT505.FILE1035, moved to FILE1035/PIPCMD
2023-04-02 21:52:01.561619 - Found QUERY.rexx (text/plain) in SBGOLOB.CBT505.FILE1035, moved to FILE1035/QUERY
2023-04-02 21:52:01.562557 - Found RC.rexx (text/plain) in SBGOLOB.CBT505.FILE1035, moved to FILE1035/RC
2023-04-02 21:52:01.563601 - Found RCWORST.rexx (text/plain) in SBGOLOB.CBT505.FILE1035, moved to FILE1035/RCWORST
2023-04-02 21:52:01.564799 - Found RXCALL.rexx (text/plain) in SBGOLOB.CBT505.FILE1035, moved to FILE1035/RXCALL
2023-04-02 21:52:01.565790 - Found SAMPLES.rexx (text/plain) in SBGOLOB.CBT505.FILE1035, moved to FILE1035/SAMPLES
2023-04-02 21:52:01.566761 - Found SPEX.rexx (text/plain) in SBGOLOB.CBT505.FILE1035, moved to FILE1035/SPEX
2023-04-02 21:52:01.567898 - Found SPLIT.rexx (text/plain) in SBGOLOB.CBT505.FILE1035, moved to FILE1035/SPLIT
2023-04-02 21:52:01.568890 - Found STACKIO.rexx (text/plain) in SBGOLOB.CBT505.FILE1035, moved to FILE1035/STACKIO
2023-04-02 21:52:01.569866 - Found STAGENUM.rexx (text/plain) in SBGOLOB.CBT505.FILE1035, moved to FILE1035/STAGENUM
2023-04-02 21:52:01.570822 - Found STRLITER.rexx (text/plain) in SBGOLOB.CBT505.FILE1035, moved to FILE1035/STRLITER
2023-04-02 21:52:01.571992 - Found TSO.rexx (text/plain) in SBGOLOB.CBT505.FILE1035, moved to FILE1035/TSO
2023-04-02 21:52:01.573156 - Found ZPIPE.rexx (text/plain) in SBGOLOB.CBT505.FILE1035, moved to FILE1035/ZPIPE
